<?xml version="1.0" encoding="UTF-8"?>
<!-- Generated by org.testng.reporters.JUnitReportReporter -->
<testsuite skipped="0" hostname="vipinnair-ltm4.internal.salesforce.com" name="FirstTest" tests="1" failures="0" timestamp="2019-09-30T16:07:41 IST" time="25.302" errors="0">
  <testcase name="launchBrowser" time="25.302" classname="FirstTest"/>
</testsuite> <!-- FirstTest -->
